<?xml version="1.0" encoding="UTF-8"?>
<testng-results total="2" passed="2" failed="0" skipped="0">
  <reporter-output>
  </reporter-output>
  <suite started-at="2018-10-07T06:52:46Z" name="Suite" finished-at="2018-10-07T06:53:17Z" duration-ms="30968">
    <groups>
    </groups>
    <test started-at="2018-10-07T06:52:46Z" name="Test" finished-at="2018-10-07T06:53:17Z" duration-ms="30968">
      <class name="Academy.HomePage">
        <test-method is-config="true" signature="initialize()[pri:0, instance:Academy.HomePage@19b93fa8]" started-at="2018-10-07T02:52:46Z" name="initialize" finished-at="2018-10-07T02:52:57Z" duration-ms="10861" status="PASS">
          <reporter-output>
          </reporter-output>
        </test-method> <!-- initialize -->
        <test-method signature="basePageNavigation(java.lang.String, java.lang.String, java.lang.String)[pri:0, instance:Academy.HomePage@19b93fa8]" started-at="2018-10-07T02:52:57Z" name="basePageNavigation" data-provider="getData" finished-at="2018-10-07T02:53:07Z" duration-ms="10408" status="PASS">
          <params>
            <param index="0">
              <value>
                <![CDATA[nanan@qw.com]]>
              </value>
            </param>
            <param index="1">
              <value>
                <![CDATA[123321]]>
              </value>
            </param>
            <param index="2">
              <value>
                <![CDATA[Restricted User]]>
              </value>
            </param>
          </params>
          <reporter-output>
          </reporter-output>
        </test-method> <!-- basePageNavigation -->
        <test-method signature="basePageNavigation(java.lang.String, java.lang.String, java.lang.String)[pri:0, instance:Academy.HomePage@19b93fa8]" started-at="2018-10-07T02:53:07Z" name="basePageNavigation" data-provider="getData" finished-at="2018-10-07T02:53:17Z" duration-ms="9536" status="PASS">
          <params>
            <param index="0">
              <value>
                <![CDATA[abc@qw.com]]>
              </value>
            </param>
            <param index="1">
              <value>
                <![CDATA[123456]]>
              </value>
            </param>
            <param index="2">
              <value>
                <![CDATA[Non Restricted User]]>
              </value>
            </param>
          </params>
          <reporter-output>
          </reporter-output>
        </test-method> <!-- basePageNavigation -->
        <test-method is-config="true" signature="tearDown()[pri:0, instance:Academy.HomePage@19b93fa8]" started-at="2018-10-07T02:53:17Z" name="tearDown" finished-at="2018-10-07T02:53:17Z" duration-ms="141" status="PASS">
          <reporter-output>
          </reporter-output>
        </test-method> <!-- tearDown -->
      </class> <!-- Academy.HomePage -->
    </test> <!-- Test -->
  </suite> <!-- Suite -->
</testng-results>
